<?xml version="1.0" encoding="UTF-8"?>
<testsuite name="blacklist.name.services.NameMatcherServiceTest" tests="2" skipped="0" failures="0" errors="0" timestamp="2020-12-13T23:05:49" hostname="LAPTOP-5A2RPOS7" time="0.04">
  <properties/>
  <testcase name="cleanNameOfNoiseWordsAndSpecialCharactersTest" classname="blacklist.name.services.NameMatcherServiceTest" time="0.032"/>
  <testcase name="getMatchingNamesTest" classname="blacklist.name.services.NameMatcherServiceTest" time="0.007"/>
  <system-out><![CDATA[]]></system-out>
  <system-err><![CDATA[]]></system-err>
</testsuite>
